The server is listening for incoming connections at local:///tmp/bsp9053489132840204045/2clobydijvk.socket...
Accepted incoming BSP client connection at local:///tmp/bsp9053489132840204045/2clobydijvk.socket
request received: build/initialize
BSP initialization handshake complete.
Downloading https://repo1.maven.org/maven2/org/scalameta/mtags_2.12.5/0.5.0/mtags_2.12.5-0.5.0.pom
Downloading https://repo1.maven.org/maven2/org/scalameta/mtags_2.12.5/0.5.0/mtags_2.12.5-0.5.0.pom.sha1
Downloaded https://repo1.maven.org/maven2/org/scalameta/mtags_2.12.5/0.5.0/mtags_2.12.5-0.5.0.pom.sha1
Downloaded https://repo1.maven.org/maven2/org/scalameta/mtags_2.12.5/0.5.0/mtags_2.12.5-0.5.0.pom
Downloading https://repo1.maven.org/maven2/org/scalameta/mtags_2.12.5/0.5.0/
Downloaded https://repo1.maven.org/maven2/org/scalameta/mtags_2.12.5/0.5.0/
Apr 17, 2019 7:21:25 PM scala.meta.internal.pc.CompilerAccess handleError
SEVERE: null
java.lang.NullPointerException
	at scala.meta.internal.pc.HoverProvider.hover(HoverProvider.scala:37)

Apr 17, 2019 7:21:30 PM scala.meta.internal.pc.CompilerAccess handleError
SEVERE: null
java.lang.NullPointerException
	at scala.meta.internal.pc.HoverProvider.hover(HoverProvider.scala:37)

Apr 17, 2019 7:21:30 PM scala.meta.internal.pc.CompilerAccess handleError
SEVERE: null
java.lang.NullPointerException
	at scala.meta.internal.pc.HoverProvider.hover(HoverProvider.scala:37)

Apr 17, 2019 7:26:40 PM scala.meta.internal.pc.CompilerAccess handleError
SEVERE: null
java.lang.NullPointerException
	at scala.meta.internal.pc.HoverProvider.seenFromType(HoverProvider.scala:106)
	at scala.meta.internal.pc.HoverProvider.hover(HoverProvider.scala:42)

Apr 17, 2019 7:26:40 PM scala.meta.internal.pc.CompilerAccess handleError
SEVERE: null
java.lang.NullPointerException
	at scala.meta.internal.pc.HoverProvider.seenFromType(HoverProvider.scala:106)
	at scala.meta.internal.pc.HoverProvider.hover(HoverProvider.scala:42)

shutdown request received: build/shutdown
Client in /home/mlewis/workspaceCourses/CSCI3345-S19/.bloop triggered cancellation. Cancelling tasks...
The task for 'bsp --protocol local --socket /tmp/bsp9053489132840204045/2clobydijvk.socket' finished.
Project csci3345-s19-test has no analysis and setup.
Project sharedJS-test has no analysis and setup.
Project client-test has no analysis and setup.
Project csci3345-s19 has no analysis and setup.
Project sharedJVM-test has no analysis and setup.
The server is listening for incoming connections at local:///tmp/bsp9189032722074135215/81lah04rody9.socket...
Accepted incoming BSP client connection at local:///tmp/bsp9189032722074135215/81lah04rody9.socket
request received: build/initialize
BSP initialization handshake complete.
Apr 17, 2019 7:36:13 PM org.eclipse.lsp4j.jsonrpc.RemoteEndpoint handleCancellation
WARNING: Unmatched cancel notification for request id 459
Apr 17, 2019 7:39:53 PM scala.meta.internal.pc.CompilerAccess handleError
SEVERE: null
java.lang.NullPointerException
	at scala.meta.internal.pc.HoverProvider.hover(HoverProvider.scala:37)

Apr 17, 2019 7:44:24 PM scala.meta.internal.pc.CompilerAccess handleError
SEVERE: null
java.lang.NullPointerException
	at scala.meta.internal.pc.HoverProvider.seenFromType(HoverProvider.scala:106)
	at scala.meta.internal.pc.HoverProvider.hover(HoverProvider.scala:42)

Apr 17, 2019 7:55:55 PM scala.meta.internal.pc.CompilerAccess handleError
SEVERE: String index out of range: 2
java.lang.StringIndexOutOfBoundsException: String index out of range: 2
	at java.lang.String.charAt(String.java:658)
	at scala.meta.internal.pc.Completions.isSnippetEnabled(Completions.scala:1665)
	at scala.meta.internal.pc.Completions.isSnippetEnabled$(Completions.scala:1664)
	at scala.meta.internal.pc.MetalsGlobal.isSnippetEnabled(MetalsGlobal.scala:22)
	at scala.meta.internal.pc.CompletionProvider.completions(CompletionProvider.scala:46)

Apr 17, 2019 7:55:55 PM scala.meta.internal.pc.CompilerAccess handleError
SEVERE: String index out of range: 3
java.lang.StringIndexOutOfBoundsException: String index out of range: 3
	at java.lang.String.charAt(String.java:658)
	at scala.meta.internal.pc.Completions.isSnippetEnabled(Completions.scala:1665)
	at scala.meta.internal.pc.Completions.isSnippetEnabled$(Completions.scala:1664)
	at scala.meta.internal.pc.MetalsGlobal.isSnippetEnabled(MetalsGlobal.scala:22)
	at scala.meta.internal.pc.CompletionProvider.completions(CompletionProvider.scala:46)

Apr 17, 2019 7:55:56 PM scala.meta.internal.pc.CompilerAccess handleError
SEVERE: String index out of range: 5
java.lang.StringIndexOutOfBoundsException: String index out of range: 5
	at java.lang.String.charAt(String.java:658)
	at scala.meta.internal.pc.Completions.isSnippetEnabled(Completions.scala:1665)
	at scala.meta.internal.pc.Completions.isSnippetEnabled$(Completions.scala:1664)
	at scala.meta.internal.pc.MetalsGlobal.isSnippetEnabled(MetalsGlobal.scala:22)
	at scala.meta.internal.pc.CompletionProvider.completions(CompletionProvider.scala:46)

Apr 17, 2019 7:55:56 PM scala.meta.internal.pc.CompilerAccess handleError
SEVERE: String index out of range: 6
java.lang.StringIndexOutOfBoundsException: String index out of range: 6
	at java.lang.String.charAt(String.java:658)
	at scala.meta.internal.pc.Completions.isSnippetEnabled(Completions.scala:1665)
	at scala.meta.internal.pc.Completions.isSnippetEnabled$(Completions.scala:1664)
	at scala.meta.internal.pc.MetalsGlobal.isSnippetEnabled(MetalsGlobal.scala:22)
	at scala.meta.internal.pc.CompletionProvider.completions(CompletionProvider.scala:46)

Apr 17, 2019 7:55:57 PM scala.meta.internal.pc.CompilerAccess handleError
SEVERE: String index out of range: 8
java.lang.StringIndexOutOfBoundsException: String index out of range: 8
	at java.lang.String.charAt(String.java:658)
	at scala.meta.internal.pc.Completions.isSnippetEnabled(Completions.scala:1665)
	at scala.meta.internal.pc.Completions.isSnippetEnabled$(Completions.scala:1664)
	at scala.meta.internal.pc.MetalsGlobal.isSnippetEnabled(MetalsGlobal.scala:22)
	at scala.meta.internal.pc.CompletionProvider.completions(CompletionProvider.scala:46)

Apr 17, 2019 7:55:57 PM scala.meta.internal.pc.CompilerAccess handleError
SEVERE: String index out of range: 9
java.lang.StringIndexOutOfBoundsException: String index out of range: 9
	at java.lang.String.charAt(String.java:658)
	at scala.meta.internal.pc.Completions.isSnippetEnabled(Completions.scala:1665)
	at scala.meta.internal.pc.Completions.isSnippetEnabled$(Completions.scala:1664)
	at scala.meta.internal.pc.MetalsGlobal.isSnippetEnabled(MetalsGlobal.scala:22)
	at scala.meta.internal.pc.CompletionProvider.completions(CompletionProvider.scala:46)

Apr 17, 2019 7:55:57 PM scala.meta.internal.pc.CompilerAccess handleError
SEVERE: String index out of range: 10
java.lang.StringIndexOutOfBoundsException: String index out of range: 10
	at java.lang.String.charAt(String.java:658)
	at scala.meta.internal.pc.Completions.isSnippetEnabled(Completions.scala:1665)
	at scala.meta.internal.pc.Completions.isSnippetEnabled$(Completions.scala:1664)
	at scala.meta.internal.pc.MetalsGlobal.isSnippetEnabled(MetalsGlobal.scala:22)
	at scala.meta.internal.pc.CompletionProvider.completions(CompletionProvider.scala:46)

Apr 17, 2019 7:55:57 PM scala.meta.internal.pc.CompilerAccess handleError
SEVERE: String index out of range: 11
java.lang.StringIndexOutOfBoundsException: String index out of range: 11
	at java.lang.String.charAt(String.java:658)
	at scala.meta.internal.pc.Completions.isSnippetEnabled(Completions.scala:1665)
	at scala.meta.internal.pc.Completions.isSnippetEnabled$(Completions.scala:1664)
	at scala.meta.internal.pc.MetalsGlobal.isSnippetEnabled(MetalsGlobal.scala:22)
	at scala.meta.internal.pc.CompletionProvider.completions(CompletionProvider.scala:46)

Apr 17, 2019 7:55:58 PM scala.meta.internal.pc.CompilerAccess handleError
SEVERE: String index out of range: 12
java.lang.StringIndexOutOfBoundsException: String index out of range: 12
	at java.lang.String.charAt(String.java:658)
	at scala.meta.internal.pc.Completions.isSnippetEnabled(Completions.scala:1665)
	at scala.meta.internal.pc.Completions.isSnippetEnabled$(Completions.scala:1664)
	at scala.meta.internal.pc.MetalsGlobal.isSnippetEnabled(MetalsGlobal.scala:22)
	at scala.meta.internal.pc.CompletionProvider.completions(CompletionProvider.scala:46)

Apr 17, 2019 7:55:58 PM scala.meta.internal.pc.CompilerAccess handleError
SEVERE: String index out of range: 13
java.lang.StringIndexOutOfBoundsException: String index out of range: 13
	at java.lang.String.charAt(String.java:658)
	at scala.meta.internal.pc.Completions.isSnippetEnabled(Completions.scala:1665)
	at scala.meta.internal.pc.Completions.isSnippetEnabled$(Completions.scala:1664)
	at scala.meta.internal.pc.MetalsGlobal.isSnippetEnabled(MetalsGlobal.scala:22)
	at scala.meta.internal.pc.CompletionProvider.completions(CompletionProvider.scala:46)

Apr 17, 2019 7:55:58 PM scala.meta.internal.pc.CompilerAccess handleError
SEVERE: String index out of range: 14
java.lang.StringIndexOutOfBoundsException: String index out of range: 14
	at java.lang.String.charAt(String.java:658)
	at scala.meta.internal.pc.Completions.isSnippetEnabled(Completions.scala:1665)
	at scala.meta.internal.pc.Completions.isSnippetEnabled$(Completions.scala:1664)
	at scala.meta.internal.pc.MetalsGlobal.isSnippetEnabled(MetalsGlobal.scala:22)
	at scala.meta.internal.pc.CompletionProvider.completions(CompletionProvider.scala:46)

Apr 17, 2019 7:55:58 PM scala.meta.internal.pc.CompilerAccess handleError
SEVERE: String index out of range: 15
java.lang.StringIndexOutOfBoundsException: String index out of range: 15
	at java.lang.String.charAt(String.java:658)
	at scala.meta.internal.pc.Completions.isSnippetEnabled(Completions.scala:1665)
	at scala.meta.internal.pc.Completions.isSnippetEnabled$(Completions.scala:1664)
	at scala.meta.internal.pc.MetalsGlobal.isSnippetEnabled(MetalsGlobal.scala:22)
	at scala.meta.internal.pc.CompletionProvider.completions(CompletionProvider.scala:46)

something's wrong: no file:///home/mlewis/workspaceCourses/CSCI3345-S19/server/app/models/Tables.scala in Tables.this.profile.api.Rep[Int]RangePosition(file:///home/mlewis/workspaceCourses/CSCI3345-S19/server/app/models/Tables.scala, 5001, 5001, 5009)
something's wrong: no file:///home/mlewis/workspaceCourses/CSCI3345-S19/server/app/models/SalesJSON.scala in play.api.libs.json.JsResult[Option[T]]RangePosition(file:///home/mlewis/workspaceCourses/CSCI3345-S19/server/app/models/SalesJSON.scala, 268, 268, 287)
something's wrong: no file:///home/mlewis/workspaceCourses/CSCI3345-S19/server/app/models/SalesJSON.scala in Option[T]RangePosition(file:///home/mlewis/workspaceCourses/CSCI3345-S19/server/app/models/SalesJSON.scala, 318, 318, 327)
shutdown request received: build/shutdown
Client in /home/mlewis/workspaceCourses/CSCI3345-S19/.bloop triggered cancellation. Cancelling tasks...
The task for 'bsp --protocol local --socket /tmp/bsp9189032722074135215/81lah04rody9.socket' finished.
Project csci3345-s19-test has no analysis and setup.
Project sharedJS-test has no analysis and setup.
Project client-test has no analysis and setup.
Project sharedJVM-test has no analysis and setup.
Project csci3345-s19 has no analysis and setup.
  compiling client (1 scala source)
INFO  time: compiled client in 0.2s
INFO  compiling client (1 scala source)
INFO  time: compiled client in 0.19s
INFO  compiling client (1 scala source)
INFO  time: compiled client in 0.2s
INFO  compiling client (1 scala source)
INFO  time: compiled client in 0.14s
ERROR 'client' failed to compile.
INFO  compiling client (1 scala source)
INFO  time: compiled client in 82ms
ERROR 'client' failed to compile.
INFO  compiling client (1 scala source)
INFO  time: compiled client in 0.19s
INFO  compiling client (1 scala source)
INFO  time: compiled client in 0.21s
INFO  compiling client (1 scala source)
INFO  time: compiled client in 0.23s
INFO  compiling client (1 scala source)
INFO  time: compiled client in 0.11s
ERROR 'client' failed to compile.
INFO  compiling client (1 scala source)
INFO  time: compiled client in 92ms
ERROR 'client' failed to compile.
INFO  compiling client (1 scala source)
INFO  time: compiled client in 0.2s
INFO  compiling client (1 scala source)
INFO  time: compiled client in 0.21s
INFO  compiling client (1 scala source)
INFO  time: compiled client in 0.23s
INFO  compiling client (1 scala source)
INFO  time: compiled client in 0.21s
INFO  compiling client (1 scala source)
INFO  time: compiled client in 0.2s
INFO  compiling client (1 scala source)
INFO  time: compiled client in 0.23s
INFO  compiling client (1 scala source)
INFO  time: compiled client in 0.29s
INFO  compiling sharedjvm (1 scala source)
INFO  time: compiled sharedJVM in 0.16s
ERROR 'sharedJVM' failed to compile.
INFO  compiling sharedjvm (1 scala source)
INFO  time: compiled sharedJVM in 0.14s
ERROR 'sharedJVM' failed to compile.
INFO  compiling sharedjvm (1 scala source)
INFO  time: compiled sharedJVM in 0.15s
ERROR 'sharedJVM' failed to compile.
INFO  compiling sharedjvm (1 scala source)
INFO  time: compiled sharedJVM in 0.14s
ERROR 'sharedJVM' failed to compile.
INFO  compiling sharedjvm (1 scala source)
INFO  time: compiled sharedJVM in 0.15s
ERROR 'sharedJVM' failed to compile.
INFO  compiling sharedjvm (1 scala source)
INFO  time: compiled sharedJVM in 0.17s
ERROR 'sharedJVM' failed to compile.
INFO  compiling sharedjvm (1 scala source)
INFO  time: compiled sharedJVM in 0.14s
ERROR 'sharedJVM' failed to compile.
INFO  compiling sharedjvm (1 scala source)
INFO  time: compiled sharedJVM in 0.24s
ERROR 'server' failed to compile.
ERROR 'sharedJVM' failed to compile.
INFO  compiling sharedjvm (1 scala source)
INFO  time: compiled sharedJVM in 0.16s
ERROR 'server' failed to compile.
ERROR 'sharedJVM' failed to compile.
INFO  compiling sharedjvm (1 scala source)
INFO  time: compiled sharedJVM in 0.15s
ERROR 'server' failed to compile.
ERROR 'sharedJVM' failed to compile.
INFO  compiling sharedjvm (1 scala source)
INFO  time: compiled sharedJVM in 0.16s
ERROR 'server' failed to compile.
ERROR 'sharedJVM' failed to compile.
INFO  compiling sharedjvm (1 scala source)
INFO  time: compiled sharedJVM in 0.14s
ERROR 'server' failed to compile.
ERROR 'sharedJVM' failed to compile.
INFO  compiling sharedjvm (1 scala source)
INFO  time: compiled sharedJVM in 0.27s
ERROR 'server' failed to compile.
ERROR 'sharedJVM' failed to compile.
INFO  compiling sharedjvm (1 scala source)
INFO  time: compiled sharedJVM in 0.15s
ERROR 'server' failed to compile.
ERROR 'sharedJVM' failed to compile.
INFO  compiling sharedjvm (1 scala source)
INFO  time: compiled sharedJVM in 0.17s
ERROR 'server' failed to compile.
ERROR 'sharedJVM' failed to compile.
INFO  compiling sharedjvm (1 scala source)
INFO  time: compiled sharedJVM in 0.17s
ERROR 'server' failed to compile.
ERROR 'sharedJVM' failed to compile.
INFO  compiling sharedjvm (1 scala source)
INFO  time: compiled sharedJVM in 0.14s
ERROR 'server' failed to compile.
ERROR 'sharedJVM' failed to compile.
INFO  compiling sharedjvm (1 scala source)
INFO  time: compiled sharedJVM in 0.16s
INFO  compiling sharedjvm (1 scala source)
INFO  time: compiled sharedJVM in 0.19s
INFO  compiling server (5 scala sources)
INFO  time: compiled server in 1.51s
ERROR 'server' failed to compile.
INFO  compiling server (5 scala sources)
INFO  time: compiled server in 1.54s
ERROR 'server' failed to compile.
INFO  compiling server (5 scala sources)
INFO  time: compiled server in 0.93s
ERROR 'server' failed to compile.
INFO  compiling server (5 scala sources)
INFO  time: compiled server in 0.92s
ERROR 'server' failed to compile.
INFO  compiling server (5 scala sources)
INFO  time: compiled server in 0.96s
ERROR 'server' failed to compile.
INFO  compiling server (5 scala sources)
INFO  time: compiled server in 0.83s
ERROR 'server' failed to compile.
ERROR code navigation does not work for the file '/home/mlewis/workspaceCourses/CSCI3345-S19/server/app/models/SalesJSON.scala' because the SemanticDB file '/home/mlewis/workspaceCourses/CSCI3345-S19/.bloop/server/scala-2.12/classes/META-INF/semanticdb/server/app/models/SalesJSON.scala.semanticdb' doesn't exist. There can be many reasons for this error. 
INFO  compiling server (5 scala sources)
INFO  time: compiled server in 0.86s
ERROR 'server' failed to compile.
INFO  compiling server (5 scala sources)
INFO  time: compiled server in 0.79s
ERROR 'server' failed to compile.
INFO  compiling server (5 scala sources)
INFO  time: compiled server in 0.84s
ERROR 'server' failed to compile.
INFO  compiling server (5 scala sources)
INFO  time: compiled server in 0.83s
ERROR 'server' failed to compile.
INFO  compiling server (5 scala sources)
INFO  time: compiled server in 0.8s
ERROR 'server' failed to compile.
INFO  compiling server (5 scala sources)
INFO  time: compiled server in 0.79s
ERROR 'server' failed to compile.
INFO  compiling server (5 scala sources)
INFO  time: compiled server in 0.79s
ERROR 'server' failed to compile.
INFO  compiling server (5 scala sources)
INFO  time: compiled server in 0.83s
ERROR 'server' failed to compile.
INFO  compiling server (5 scala sources)
INFO  time: compiled server in 0.83s
ERROR 'server' failed to compile.
INFO  compiling server (5 scala sources)
INFO  time: compiled server in 1.08s
ERROR 'server' failed to compile.
INFO  compiling server (5 scala sources)
INFO  time: compiled server in 0.76s
ERROR 'server' failed to compile.
INFO  compiling server (5 scala sources)
INFO  time: compiled server in 0.71s
ERROR 'server' failed to compile.
INFO  compiling server (5 scala sources)
INFO  time: compiled server in 1.35s
ERROR 'server' failed to compile.
INFO  compiling server (5 scala sources)
INFO  time: compiled server in 1.25s
INFO  compiling sharedjs (1 scala source)
INFO  time: compiled sharedJS in 0.12s
INFO  compiling client (1 scala source)
INFO  time: compiled client in 77ms
ERROR 'client' failed to compile.
INFO  compiling client (1 scala source)
INFO  time: compiled client in 80ms
ERROR 'client' failed to compile.
INFO  compiling client (1 scala source)
INFO  time: compiled client in 0.11s
ERROR 'client' failed to compile.
INFO  compiling client (1 scala source)
INFO  time: compiled client in 75ms
ERROR 'client' failed to compile.
INFO  compiling client (1 scala source)
INFO  time: compiled client in 0.25s
INFO  compiling client (1 scala source)
INFO  time: compiled client in 0.27s
INFO  compiling client (1 scala source)
INFO  time: compiled client in 0.26s
INFO  compiling client (1 scala source)
INFO  time: compiled client in 0.14s
ERROR 'client' failed to compile.
INFO  compiling client (1 scala source)
INFO  time: compiled client in 0.11s
ERROR 'client' failed to compile.
INFO  compiling client (1 scala source)
INFO  time: compiled client in 0.24s
INFO  compiling client (1 scala source)
INFO  time: compiled client in 0.36s
INFO  compiling client (1 scala source)
INFO  time: compiled client in 0.1s
ERROR 'client' failed to compile.
INFO  compiling client (1 scala source)
INFO  time: compiled client in 95ms
ERROR 'client' failed to compile.
INFO  compiling client (1 scala source)
INFO  time: compiled client in 0.27s
INFO  shutting down Metals
INFO  bloop exit: 0
